[Mon Nov 27 21:41:15.043092 2023] [mpm_winnt:notice] [pid 25276:tid 444] AH00455: Apache/2.4.54 (Win64) OpenSSL/1.1.1q PHP/8.1.10 configured -- resuming normal operations
[Mon Nov 27 21:41:15.044083 2023] [mpm_winnt:notice] [pid 25276:tid 444] AH00456: Apache Lounge VS16 Server built: Jun 22 2022 09:58:15
[Mon Nov 27 21:41:15.044083 2023] [core:notice] [pid 25276:tid 444] AH00094: Command line: 'C:\\laragon\\bin\\apache\\httpd-2.4.54-win64-VS16\\bin\\httpd -d C:/laragon/bin/apache/httpd-2.4.54-win64-VS16'
[Mon Nov 27 21:41:15.055678 2023] [mpm_winnt:notice] [pid 25276:tid 444] AH00418: Parent: Created child process 22644
[Mon Nov 27 21:41:15.753358 2023] [mpm_winnt:notice] [pid 22644:tid 376] AH00354: Child: Starting 64 worker threads.
[Tue Nov 28 09:34:51.904200 2023] [core:warn] [pid 4000:tid 368] AH00098: pid file C:/laragon/bin/apache/httpd-2.4.54-win64-VS16/logs/httpd.pid overwritten -- Unclean shutdown of previous Apache run?
[Tue Nov 28 09:34:52.093446 2023] [mpm_winnt:notice] [pid 4000:tid 368] AH00455: Apache/2.4.54 (Win64) OpenSSL/1.1.1q PHP/8.1.10 configured -- resuming normal operations
[Tue Nov 28 09:34:52.093446 2023] [mpm_winnt:notice] [pid 4000:tid 368] AH00456: Apache Lounge VS16 Server built: Jun 22 2022 09:58:15
[Tue Nov 28 09:34:52.093446 2023] [core:notice] [pid 4000:tid 368] AH00094: Command line: 'C:\\laragon\\bin\\apache\\httpd-2.4.54-win64-VS16\\bin\\httpd -d C:/laragon/bin/apache/httpd-2.4.54-win64-VS16'
[Tue Nov 28 09:34:52.105754 2023] [mpm_winnt:notice] [pid 4000:tid 368] AH00418: Parent: Created child process 20508
[Tue Nov 28 09:34:53.000759 2023] [mpm_winnt:notice] [pid 20508:tid 368] AH00354: Child: Starting 64 worker threads.
[Tue Nov 28 11:04:52.604012 2023] [core:warn] [pid 21508:tid 216] AH00098: pid file C:/laragon/bin/apache/httpd-2.4.54-win64-VS16/logs/httpd.pid overwritten -- Unclean shutdown of previous Apache run?
[Tue Nov 28 11:04:52.699012 2023] [mpm_winnt:notice] [pid 21508:tid 216] AH00455: Apache/2.4.54 (Win64) OpenSSL/1.1.1q PHP/8.1.10 configured -- resuming normal operations
[Tue Nov 28 11:04:52.699012 2023] [mpm_winnt:notice] [pid 21508:tid 216] AH00456: Apache Lounge VS16 Server built: Jun 22 2022 09:58:15
[Tue Nov 28 11:04:52.699012 2023] [core:notice] [pid 21508:tid 216] AH00094: Command line: 'C:\\laragon\\bin\\apache\\httpd-2.4.54-win64-VS16\\bin\\httpd -d C:/laragon/bin/apache/httpd-2.4.54-win64-VS16'
[Tue Nov 28 11:04:52.707363 2023] [mpm_winnt:notice] [pid 21508:tid 216] AH00418: Parent: Created child process 18396
[Tue Nov 28 11:04:53.625261 2023] [mpm_winnt:notice] [pid 18396:tid 364] AH00354: Child: Starting 64 worker threads.
[Wed Nov 29 14:30:48.966110 2023] [core:warn] [pid 13016:tid 436] AH00098: pid file C:/laragon/bin/apache/httpd-2.4.54-win64-VS16/logs/httpd.pid overwritten -- Unclean shutdown of previous Apache run?
[Wed Nov 29 14:30:49.452974 2023] [mpm_winnt:notice] [pid 13016:tid 436] AH00455: Apache/2.4.54 (Win64) OpenSSL/1.1.1q PHP/8.1.10 configured -- resuming normal operations
[Wed Nov 29 14:30:49.452974 2023] [mpm_winnt:notice] [pid 13016:tid 436] AH00456: Apache Lounge VS16 Server built: Jun 22 2022 09:58:15
[Wed Nov 29 14:30:49.452974 2023] [core:notice] [pid 13016:tid 436] AH00094: Command line: 'C:\\laragon\\bin\\apache\\httpd-2.4.54-win64-VS16\\bin\\httpd -d C:/laragon/bin/apache/httpd-2.4.54-win64-VS16'
[Wed Nov 29 14:30:49.456089 2023] [mpm_winnt:notice] [pid 13016:tid 436] AH00418: Parent: Created child process 5796
[Wed Nov 29 14:30:50.319241 2023] [mpm_winnt:notice] [pid 5796:tid 364] AH00354: Child: Starting 64 worker threads.
[Thu Nov 30 11:06:34.738361 2023] [core:warn] [pid 24176:tid 420] AH00098: pid file C:/laragon/bin/apache/httpd-2.4.54-win64-VS16/logs/httpd.pid overwritten -- Unclean shutdown of previous Apache run?
[Thu Nov 30 11:06:34.801211 2023] [mpm_winnt:notice] [pid 24176:tid 420] AH00455: Apache/2.4.54 (Win64) OpenSSL/1.1.1q PHP/8.1.10 configured -- resuming normal operations
[Thu Nov 30 11:06:34.801211 2023] [mpm_winnt:notice] [pid 24176:tid 420] AH00456: Apache Lounge VS16 Server built: Jun 22 2022 09:58:15
[Thu Nov 30 11:06:34.801211 2023] [core:notice] [pid 24176:tid 420] AH00094: Command line: 'C:\\laragon\\bin\\apache\\httpd-2.4.54-win64-VS16\\bin\\httpd -d C:/laragon/bin/apache/httpd-2.4.54-win64-VS16'
[Thu Nov 30 11:06:34.816840 2023] [mpm_winnt:notice] [pid 24176:tid 420] AH00418: Parent: Created child process 12352
[Thu Nov 30 11:06:35.632629 2023] [mpm_winnt:notice] [pid 12352:tid 392] AH00354: Child: Starting 64 worker threads.
